<?xml version="1.0" encoding="UTF-8"?>
<testng-results skipped="0" failed="0" total="0" passed="0">
  <reporter-output>
  </reporter-output>
  <suite name="com.currency.UploadControllerTest" duration-ms="8" started-at="2017-06-11T20:59:47Z" finished-at="2017-06-11T20:59:47Z">
    <groups>
    </groups>
    <test name="Command line test" duration-ms="8" started-at="2017-06-11T20:59:47Z" finished-at="2017-06-11T20:59:47Z">
    </test> <!-- Command line test -->
  </suite> <!-- com.currency.UploadControllerTest -->
</testng-results>
